TN:
SF:src/app/error.tsx
FN:8,Error
FN:15,(anonymous_3)
FNF:2
FNH:2
FNDA:9,Error
FNDA:9,(anonymous_3)
DA:3,1
DA:4,1
DA:5,1
DA:6,1
DA:8,9
DA:15,9
DA:17,9
DA:20,9
LF:8
LH:8
BRDA:20,0,0,1
BRDA:40,1,0,9
BRDA:45,2,0,2
BRF:3
BRH:3
end_of_record
TN:
SF:src/app/layout.tsx
FN:10,RootLayout
FNF:1
FNH:1
FNDA:2,RootLayout
DA:1,1
DA:2,1
DA:3,1
DA:5,3
DA:10,2
LF:5
LH:5
BRF:0
BRH:0
end_of_record
TN:
SF:src/app/loading.tsx
FN:1,Loading
FNF:1
FNH:1
FNDA:5,Loading
DA:1,5
LF:1
LH:1
BRF:0
BRH:0
end_of_record
TN:
SF:src/app/not-found.tsx
FN:5,NotFound
FNF:1
FNH:1
FNDA:8,NotFound
DA:1,1
DA:2,1
DA:3,1
DA:5,8
LF:4
LH:4
BRF:0
BRH:0
end_of_record
TN:
SF:src/app/page.tsx
FN:7,Home
FN:11,(anonymous_2)
FNF:2
FNH:2
FNDA:7,Home
FNDA:6,(anonymous_2)
DA:3,1
DA:4,1
DA:5,1
DA:7,7
DA:8,7
DA:9,7
DA:11,7
DA:12,6
DA:13,3
DA:14,2
DA:16,1
LF:11
LH:11
BRDA:12,0,0,3
BRDA:13,1,0,2
BRDA:13,1,1,1
BRF:3
BRH:3
end_of_record
TN:
SF:src/app/(dashboard)/layout.tsx
FN:31,DashboardLayout
FN:41,(anonymous_3)
FN:70,(anonymous_4)
FN:78,(anonymous_5)
FN:84,(anonymous_6)
FN:97,(anonymous_7)
FN:133,(anonymous_8)
FN:181,(anonymous_9)
FN:186,(anonymous_10)
FNF:9
FNH:8
FNDA:17,DashboardLayout
FNDA:12,(anonymous_3)
FNDA:1,(anonymous_4)
FNDA:1,(anonymous_5)
FNDA:84,(anonymous_6)
FNDA:0,(anonymous_7)
FNDA:84,(anonymous_8)
FNDA:3,(anonymous_9)
FNDA:18,(anonymous_10)
DA:3,1
DA:4,1
DA:5,1
DA:6,1
DA:17,1
DA:18,1
DA:19,1
DA:22,1
DA:31,12
DA:36,17
DA:37,17
DA:38,17
DA:39,17
DA:41,17
DA:42,12
DA:43,2
DA:47,17
DA:55,16
DA:56,2
DA:70,1
DA:78,1
DA:85,84
DA:86,84
DA:87,84
DA:97,0
DA:134,84
DA:135,84
DA:136,84
DA:181,3
DA:186,18
LF:30
LH:29
BRDA:42,0,0,2
BRDA:42,1,0,12
BRDA:42,1,1,11
BRDA:47,2,0,1
BRDA:55,3,0,2
BRDA:55,4,0,16
BRDA:55,4,1,14
BRDA:65,5,0,3
BRDA:65,5,1,11
BRDA:93,6,0,14
BRDA:93,6,1,70
BRDA:142,7,0,14
BRDA:142,7,1,70
BRDA:186,8,0,14
BRDA:186,8,1,0
BRF:15
BRH:14
end_of_record
TN:
SF:src/app/(dashboard)/companies/page.tsx
FN:1,CompaniesPage
FNF:1
FNH:1
FNDA:4,CompaniesPage
DA:1,4
LF:1
LH:1
BRF:0
BRH:0
end_of_record
TN:
SF:src/app/(dashboard)/contacts/page.tsx
FN:13,ContactsPage
FN:30,(anonymous_2)
FN:34,(anonymous_3)
FN:38,(anonymous_4)
FN:58,(anonymous_5)
FN:68,(anonymous_6)
FN:77,(anonymous_7)
FN:95,(anonymous_8)
FNF:8
FNH:8
FNDA:29,ContactsPage
FNDA:8,(anonymous_2)
FNDA:2,(anonymous_3)
FNDA:1,(anonymous_4)
FNDA:8,(anonymous_5)
FNDA:1,(anonymous_6)
FNDA:1,(anonymous_7)
FNDA:1,(anonymous_8)
DA:3,1
DA:4,1
DA:5,1
DA:6,1
DA:7,1
DA:8,1
DA:9,1
DA:10,1
DA:13,17
DA:14,29
DA:15,29
DA:16,29
DA:17,29
DA:19,29
DA:30,29
DA:31,8
DA:34,29
DA:35,2
DA:38,29
DA:40,1
DA:58,8
DA:68,1
DA:77,1
DA:95,1
LF:24
LH:24
BRDA:84,0,0,29
BRDA:93,1,0,29
BRDA:93,1,1,0
BRF:3
BRH:2
end_of_record
TN:
SF:src/app/(dashboard)/dashboard/page.tsx
FN:5,DashboardPage
FNF:1
FNH:1
FNDA:12,DashboardPage
DA:3,1
DA:5,12
DA:6,12
DA:8,12
DA:9,2
LF:5
LH:5
BRDA:8,0,0,2
BRDA:8,1,0,12
BRDA:8,1,1,11
BRDA:36,2,0,7
BRDA:36,2,1,3
BRDA:51,3,0,1
BRDA:81,4,0,10
BRF:7
BRH:7
end_of_record
TN:
SF:src/app/(dashboard)/emails/page.tsx
FN:1,EmailsPage
FNF:1
FNH:1
FNDA:4,EmailsPage
DA:1,4
LF:1
LH:1
BRF:0
BRH:0
end_of_record
TN:
SF:src/app/(dashboard)/pipelines/page.tsx
FN:20,PipelinesPage
FN:43,(anonymous_2)
FN:51,(anonymous_3)
FN:55,(anonymous_4)
FN:61,(anonymous_5)
FN:76,(anonymous_6)
FN:115,(anonymous_7)
FN:138,(anonymous_8)
FN:144,(anonymous_9)
FN:165,(anonymous_10)
FNF:10
FNH:9
FNDA:31,PipelinesPage
FNDA:10,(anonymous_2)
FNDA:39,(anonymous_3)
FNDA:54,(anonymous_4)
FNDA:11,(anonymous_5)
FNDA:4,(anonymous_6)
FNDA:58,(anonymous_7)
FNDA:9,(anonymous_8)
FNDA:0,(anonymous_9)
FNDA:1,(anonymous_10)
DA:3,1
DA:4,1
DA:5,1
DA:6,1
DA:7,1
DA:14,1
DA:15,1
DA:16,1
DA:17,1
DA:18,1
DA:20,12
DA:21,31
DA:22,31
DA:23,31
DA:26,31
DA:32,31
DA:41,31
DA:43,11
DA:45,11
DA:46,10
DA:50,31
DA:51,39
DA:55,31
DA:56,54
DA:57,16
DA:58,16
DA:62,11
DA:67,31
DA:77,4
DA:116,58
DA:138,9
DA:144,0
DA:165,1
LF:33
LH:32
BRDA:34,0,0,31
BRDA:34,0,1,12
BRDA:41,1,0,11
BRDA:41,2,0,31
BRDA:41,2,1,30
BRDA:43,3,0,11
BRDA:43,3,1,1
BRDA:45,4,0,10
BRDA:55,5,0,31
BRDA:55,5,1,2
BRDA:56,6,0,38
BRDA:59,7,0,16
BRDA:59,7,1,11
BRDA:59,7,2,11
BRDA:67,8,0,1
BRDA:162,9,0,19
BRDA:161,10,0,30
BRDA:161,10,1,19
BRF:18
BRH:18
end_of_record
TN:
SF:src/app/(dashboard)/settings/page.tsx
FN:1,SettingsPage
FNF:1
FNH:1
FNDA:4,SettingsPage
DA:1,4
LF:1
LH:1
BRF:0
BRH:0
end_of_record
TN:
SF:src/app/login/page.tsx
FN:17,LoginPage
FN:30,(anonymous_3)
FNF:2
FNH:2
FNDA:34,LoginPage
FNDA:5,(anonymous_3)
DA:3,1
DA:4,1
DA:5,1
DA:6,1
DA:7,1
DA:8,1
DA:10,1
DA:17,12
DA:18,34
DA:19,34
DA:20,34
DA:26,34
DA:30,34
DA:31,5
DA:32,5
DA:33,5
DA:34,5
DA:36,2
DA:38,5
LF:19
LH:19
BRDA:60,0,0,34
BRDA:78,1,0,34
BRDA:96,2,0,34
BRDA:119,3,0,1
BRDA:119,3,1,33
BRDA:137,4,0,34
BRDA:137,4,1,0
BRF:7
BRH:6
end_of_record
TN:
SF:src/app/register/page.tsx
FN:19,(anonymous_2)
FN:26,RegisterPage
FN:39,(anonymous_4)
FNF:3
FNH:3
FNDA:30,(anonymous_2)
FNDA:38,RegisterPage
FNDA:6,(anonymous_4)
DA:3,1
DA:4,1
DA:5,1
DA:6,1
DA:7,1
DA:8,1
DA:10,1
DA:19,30
DA:26,13
DA:27,38
DA:28,38
DA:29,38
DA:35,38
DA:39,38
DA:40,6
DA:41,6
DA:42,6
DA:43,6
DA:44,6
DA:46,3
DA:48,6
LF:21
LH:21
BRDA:70,0,0,38
BRDA:92,1,0,38
BRDA:113,2,0,38
BRDA:135,3,0,38
BRDA:156,4,0,38
BRDA:177,5,0,38
BRDA:198,6,0,38
BRDA:212,7,0,1
BRDA:212,7,1,37
BRDA:230,8,0,38
BRDA:230,8,1,0
BRF:11
BRH:10
end_of_record
TN:
SF:src/app/verify-email/page.tsx
FN:9,VerifyEmailPage
FN:17,(anonymous_3)
FN:18,(anonymous_4)
FN:35,(anonymous_5)
FNF:4
FNH:4
FNDA:38,VerifyEmailPage
FNDA:18,(anonymous_3)
FNDA:18,(anonymous_4)
FNDA:3,(anonymous_5)
DA:3,1
DA:4,1
DA:5,1
DA:6,1
DA:7,1
DA:9,18
DA:10,38
DA:11,38
DA:12,38
DA:13,38
DA:14,37
DA:15,37
DA:17,37
DA:18,18
DA:19,18
DA:20,8
DA:21,8
DA:22,8
DA:23,8
DA:24,4
DA:25,4
DA:27,4
DA:29,8
DA:32,18
DA:35,37
DA:36,3
DA:37,3
DA:38,3
DA:39,1
DA:41,2
DA:48,37
LF:31
LH:31
BRDA:19,0,0,10
BRDA:27,1,0,4
BRDA:27,1,1,3
BRDA:42,2,0,2
BRDA:42,2,1,1
BRDA:48,3,0,23
BRDA:52,4,0,23
BRDA:63,5,0,23
BRDA:95,6,0,23
BRDA:158,7,0,14
BRDA:158,7,1,10
BRDA:172,8,0,14
BRF:12
BRH:12
end_of_record
